Arguments: 
  /Users/yaoqi/.nvm/versions/node/v14.17.6/bin/node /Users/yaoqi/.nvm/versions/node/v14.17.6/bin/yarn add wagmi

PATH: 
  /Users/yaoqi/.nvm/versions/node/v14.17.6/bin:/usr/local/bin:/usr/bin:/bin:/usr/sbin:/sbin:/Users/yaoqi/.nvm/versions/node/v14.17.6/bin

Yarn version: 
  1.22.17

Node version: 
  14.17.6

Platform: 
  darwin x64

Trace: 
  Error: https://registry.yarnpkg.com/@ant-design%2ficons: ETIMEDOUT
      at Timeout._onTimeout (/Users/yaoqi/.nvm/versions/node/v14.17.6/lib/node_modules/yarn/lib/cli.js:141543:19)
      at listOnTimeout (internal/timers.js:557:17)
      at processTimers (internal/timers.js:500:7)

npm manifest: 
  {
    "name": "create-react-demo",
    "version": "0.1.0",
    "private": true,
    "dependencies": {
      "@ant-design/icons": "^4.7.0",
      "@coinbase/wallet-sdk": "^3.4.0",
      "@metamask/detect-provider": "^1.2.0",
      "@snapshot-labs/snapshot.js": "^0.4.7",
      "@toruslabs/torus-embed": "^1.27.2",
      "@walletconnect/web3-provider": "^1.7.8",
      "antd": "^4.20.2",
      "apollo-boost": "^0.4.9",
      "axios": "^0.27.2",
      "bnc-onboard": "^1.38.2",
      "copy-to-clipboard": "^3.3.1",
      "dayjs": "^1.11.3",
      "decimal.js-light": "^2.5.1",
      "ethers": "^5.7.0",
      "graphql": "^15.8.0",
      "graphql-tag": "^2.12.6",
      "i18next": "^21.8.0",
      "lib-flexible": "^0.3.2",
      "mobx": "^6.5.0",
      "mobx-react-lite": "^3.4.0",
      "postcss-pxtorem": "^5.1.1",
      "react": "^18.0.0-rc.3",
      "react-copy-to-clipboard": "^5.1.0",
      "react-dom": "^18.0.0-rc.3",
      "react-i18next": "^11.16.9",
      "react-markdown": "^8.0.3",
      "react-router": "^6.3.0",
      "react-router-dom": "^6.3.0",
      "rehype-raw": "^6.1.1",
      "web3": "^1.7.3"
    },
    "devDependencies": {
      "@types/node": "^12.0.0",
      "@types/react": "^16.9.0",
      "@types/react-copy-to-clipboard": "^5.0.4",
      "@types/react-dom": "^16.9.16",
      "babel-plugin-import": "^1.13.1",
      "cssnano-preset-advanced": "^4.0.7",
      "customize-cra": "^1.0.0",
      "postcss-aspect-ratio-mini": "^1.1.0",
      "postcss-px-to-viewport": "^1.1.1",
      "postcss-viewport-units": "^0.1.6",
      "postcss-write-svg": "^3.0.1",
      "react-app-rewire-less-modules": "^1.3.0",
      "react-app-rewire-postcss": "^3.0.2",
      "react-app-rewired": "^2.1.6",
      "react-scripts": "3.4.4",
      "typescript": "^4.8.2"
    },
    "scripts": {
      "start": "set PORT=3000 && react-app-rewired start",
      "build": "react-app-rewired build",
      "test": "react-app-rewired test --env=jsdom",
      "eject": "react-scripts eject"
    },
    "eslintConfig": {
      "extends": "react-app"
    },
    "browserslist": {
      "production": [
        ">0.2%",
        "not dead",
        "not op_mini all"
      ],
      "development": [
        "last 1 chrome version",
        "last 1 firefox version",
        "last 1 safari version"
      ]
    }
  }

yarn manifest: 
  No manifest

Lockfile: 
  
